24-11-2022 00:10:10 cino-textgcn Logger:INFO:<=======textGCNNet start==========> textgcn_start_time : 1669219810.1967685
24-11-2022 00:12:18 cino-textgcn Logger:INFO:TextGCNPrepareData success!
24-11-2022 00:12:50 cino-textgcn Logger:INFO:In epoch 0, loss: 2.4849,train acc: 0.0261, val acc: 0.0276 (best 0.0276), test acc: 0.0238 (best 0.0238), accuracy_score: 0.0238 (best 0.0238),precision_score: 0.0471 (best 0.0471), recall_score: 0.0841 (best 0.0841), f1_score: 0.0054 (best 0.0054)
24-11-2022 00:13:15 cino-textgcn Logger:INFO:In epoch 200, loss: 1.0758,train acc: 0.6610, val acc: 0.6580 (best 0.6580), test acc: 0.6568 (best 0.6568), accuracy_score: 0.6568 (best 0.6568),precision_score: 0.5854 (best 0.5854), recall_score: 0.5408 (best 0.5408), f1_score: 0.5294 (best 0.5294)
24-11-2022 00:13:39 cino-textgcn Logger:INFO:In epoch 400, loss: 0.8211,train acc: 0.7427, val acc: 0.7353 (best 0.7353), test acc: 0.7402 (best 0.7402), accuracy_score: 0.7402 (best 0.7402),precision_score: 0.7208 (best 0.7208), recall_score: 0.6664 (best 0.6664), f1_score: 0.6704 (best 0.6704)
24-11-2022 00:14:04 cino-textgcn Logger:INFO:In epoch 600, loss: 0.7245,train acc: 0.7691, val acc: 0.7580 (best 0.7580), test acc: 0.7633 (best 0.7633), accuracy_score: 0.7633 (best 0.7633),precision_score: 0.7438 (best 0.7438), recall_score: 0.7075 (best 0.7075), f1_score: 0.7174 (best 0.7174)
24-11-2022 00:14:29 cino-textgcn Logger:INFO:In epoch 800, loss: 0.6691,train acc: 0.7844, val acc: 0.7712 (best 0.7712), test acc: 0.7757 (best 0.7757), accuracy_score: 0.7757 (best 0.7757),precision_score: 0.7558 (best 0.7558), recall_score: 0.7325 (best 0.7325), f1_score: 0.7413 (best 0.7413)
24-11-2022 00:14:54 cino-textgcn Logger:INFO:In epoch 1000, loss: 0.6327,train acc: 0.7957, val acc: 0.7806 (best 0.7806), test acc: 0.7830 (best 0.7830), accuracy_score: 0.7830 (best 0.7830),precision_score: 0.7628 (best 0.7628), recall_score: 0.7423 (best 0.7423), f1_score: 0.7506 (best 0.7506)
24-11-2022 00:15:19 cino-textgcn Logger:INFO:In epoch 1200, loss: 0.6052,train acc: 0.8030, val acc: 0.7872 (best 0.7872), test acc: 0.7918 (best 0.7918), accuracy_score: 0.7918 (best 0.7918),precision_score: 0.7728 (best 0.7728), recall_score: 0.7574 (best 0.7574), f1_score: 0.7636 (best 0.7636)
24-11-2022 00:15:44 cino-textgcn Logger:INFO:In epoch 1400, loss: 0.5825,train acc: 0.8104, val acc: 0.7924 (best 0.7924), test acc: 0.7948 (best 0.7948), accuracy_score: 0.7948 (best 0.7948),precision_score: 0.7748 (best 0.7748), recall_score: 0.7614 (best 0.7614), f1_score: 0.7671 (best 0.7671)
24-11-2022 00:16:09 cino-textgcn Logger:INFO:In epoch 1600, loss: 0.5629,train acc: 0.8170, val acc: 0.7961 (best 0.7961), test acc: 0.7962 (best 0.7962), accuracy_score: 0.7962 (best 0.7962),precision_score: 0.7764 (best 0.7764), recall_score: 0.7635 (best 0.7635), f1_score: 0.7692 (best 0.7692)
24-11-2022 00:16:34 cino-textgcn Logger:INFO:In epoch 1800, loss: 0.5455,train acc: 0.8224, val acc: 0.7987 (best 0.7987), test acc: 0.7969 (best 0.7969), accuracy_score: 0.7969 (best 0.7969),precision_score: 0.7762 (best 0.7762), recall_score: 0.7665 (best 0.7665), f1_score: 0.7706 (best 0.7706)
24-11-2022 00:16:59 cino-textgcn Logger:INFO:In epoch 2000, loss: 0.5298,train acc: 0.8278, val acc: 0.7985 (best 0.7985), test acc: 0.7981 (best 0.7981), accuracy_score: 0.7981 (best 0.7981),precision_score: 0.7780 (best 0.7780), recall_score: 0.7685 (best 0.7685), f1_score: 0.7726 (best 0.7726)
24-11-2022 00:16:59 cino-textgcn Logger:INFO:
TextGCN classification_report
              precision    recall  f1-score   support

   aid_tibet   0.646018  0.570312  0.605809       128
        arts   0.707006  0.713826  0.710400       311
     ecology   0.768889  0.755459  0.762115       229
   economics   0.795732  0.822047  0.808675       635
   education   0.730697  0.737643  0.734153       526
    folkways   0.738095  0.636986  0.683824       146
         law   0.866005  0.853301  0.859606       409
  literature   0.828947  0.866972  0.847534       436
    medicine   0.850877  0.854626  0.852747       454
    politics   0.874494  0.887064  0.880734       487
    religion   0.728155  0.757576  0.742574        99
     tourism   0.801630  0.766234  0.783533       385

    accuracy                       0.798115      4245
   macro avg   0.778045  0.768504  0.772642      4245
weighted avg   0.797303  0.798115  0.797375      4245

24-11-2022 00:16:59 cino-textgcn Logger:INFO:textgcn_test_tensor_path = test_tensor/TextGCN_test_tensor_2022-11-24_00h10m09s.pt, textgcn_test_true_path = test_tensor/TextGCN_test_true_2022-11-24_00h10m09s.p
24-11-2022 00:16:59 cino-textgcn Logger:INFO:<=======textGCNNet end==========> textgcn_end_time : 1669220219.9874926
24-11-2022 00:16:59 cino-textgcn Logger:INFO:TextGCNNet Time=409.79072403907776
24-11-2022 00:16:59 cino-textgcn Logger:INFO:#=======CINONet start==========# cino_start_time : 1669220219.9878368
24-11-2022 00:22:55 cino-textgcn Logger:INFO:Epoch 01 | Step 848/8488 | Loss 0.3066 | Time 121.99
24-11-2022 00:24:52 cino-textgcn Logger:INFO:Epoch 01 | Step 1696/8488 | Loss 0.2894 | Time 238.60
24-11-2022 00:26:49 cino-textgcn Logger:INFO:Epoch 01 | Step 2544/8488 | Loss 0.2584 | Time 355.90
24-11-2022 00:28:48 cino-textgcn Logger:INFO:Epoch 01 | Step 3392/8488 | Loss 0.2321 | Time 474.73
24-11-2022 00:30:47 cino-textgcn Logger:INFO:Epoch 01 | Step 4240/8488 | Loss 0.2307 | Time 593.94
24-11-2022 00:32:47 cino-textgcn Logger:INFO:Epoch 01 | Step 5088/8488 | Loss 0.2414 | Time 713.04
24-11-2022 00:34:45 cino-textgcn Logger:INFO:Epoch 01 | Step 5936/8488 | Loss 0.2491 | Time 831.58
24-11-2022 00:36:43 cino-textgcn Logger:INFO:Epoch 01 | Step 6784/8488 | Loss 0.2545 | Time 949.89
24-11-2022 00:38:43 cino-textgcn Logger:INFO:Epoch 01 | Step 7632/8488 | Loss 0.2590 | Time 1069.24
24-11-2022 00:40:43 cino-textgcn Logger:INFO:Epoch 01 | Step 8480/8488 | Loss 0.2571 | Time 1189.27
24-11-2022 00:41:29 cino-textgcn Logger:INFO:Current dev weighted f1 is 0.6091, best f1 is 0.6091
24-11-2022 00:41:29 cino-textgcn Logger:INFO:Time costed : 1235.362s 

24-11-2022 01:02:11 cino-textgcn Logger:INFO:Current dev weighted f1 is 0.7671, best f1 is 0.7671
24-11-2022 01:02:11 cino-textgcn Logger:INFO:Time costed : 1242.308s 

24-11-2022 01:22:54 cino-textgcn Logger:INFO:Current dev weighted f1 is 0.7842, best f1 is 0.7842
24-11-2022 01:22:54 cino-textgcn Logger:INFO:Time costed : 1243.105s 

24-11-2022 01:43:35 cino-textgcn Logger:INFO:Current dev weighted f1 is 0.8001, best f1 is 0.8001
24-11-2022 01:43:35 cino-textgcn Logger:INFO:Time costed : 1240.395s 

24-11-2022 02:04:16 cino-textgcn Logger:INFO:Current dev weighted f1 is 0.8018, best f1 is 0.8018
24-11-2022 02:04:16 cino-textgcn Logger:INFO:Time costed : 1241.267s 

24-11-2022 02:06:15 cino-textgcn Logger:INFO:Epoch 06 | Step 848/8488 | Loss 0.0437 | Time 118.91
24-11-2022 02:08:14 cino-textgcn Logger:INFO:Epoch 06 | Step 1696/8488 | Loss 0.0453 | Time 237.86
24-11-2022 02:10:13 cino-textgcn Logger:INFO:Epoch 06 | Step 2544/8488 | Loss 0.0448 | Time 357.14
24-11-2022 02:12:12 cino-textgcn Logger:INFO:Epoch 06 | Step 3392/8488 | Loss 0.0448 | Time 476.36
24-11-2022 02:14:12 cino-textgcn Logger:INFO:Epoch 06 | Step 4240/8488 | Loss 0.0441 | Time 596.00
24-11-2022 02:16:10 cino-textgcn Logger:INFO:Epoch 06 | Step 5088/8488 | Loss 0.0437 | Time 714.18
24-11-2022 02:18:10 cino-textgcn Logger:INFO:Epoch 06 | Step 5936/8488 | Loss 0.0431 | Time 833.81
24-11-2022 02:20:10 cino-textgcn Logger:INFO:Epoch 06 | Step 6784/8488 | Loss 0.0427 | Time 954.29
24-11-2022 02:22:10 cino-textgcn Logger:INFO:Epoch 06 | Step 7632/8488 | Loss 0.0424 | Time 1074.41
24-11-2022 02:24:10 cino-textgcn Logger:INFO:Epoch 06 | Step 8480/8488 | Loss 0.0418 | Time 1194.32
24-11-2022 02:24:51 cino-textgcn Logger:INFO:Current dev weighted f1 is 0.7979, best f1 is 0.8018
24-11-2022 02:24:51 cino-textgcn Logger:INFO:Time costed : 1235.047s 

24-11-2022 02:45:33 cino-textgcn Logger:INFO:Current dev weighted f1 is 0.8022, best f1 is 0.8022
24-11-2022 02:45:33 cino-textgcn Logger:INFO:Time costed : 1241.789s 

24-11-2022 03:06:10 cino-textgcn Logger:INFO:Current dev weighted f1 is 0.7989, best f1 is 0.8022
24-11-2022 03:06:10 cino-textgcn Logger:INFO:Time costed : 1237.489s 

24-11-2022 03:26:49 cino-textgcn Logger:INFO:Current dev weighted f1 is 0.8018, best f1 is 0.8022
24-11-2022 03:26:49 cino-textgcn Logger:INFO:Time costed : 1239.249s 

24-11-2022 03:47:31 cino-textgcn Logger:INFO:Current dev weighted f1 is 0.7977, best f1 is 0.8022
24-11-2022 03:47:31 cino-textgcn Logger:INFO:Time costed : 1242.0s 

24-11-2022 03:49:32 cino-textgcn Logger:INFO:Epoch 11 | Step 848/8488 | Loss 0.0115 | Time 120.31
24-11-2022 03:51:32 cino-textgcn Logger:INFO:Epoch 11 | Step 1696/8488 | Loss 0.0118 | Time 240.24
24-11-2022 03:53:33 cino-textgcn Logger:INFO:Epoch 11 | Step 2544/8488 | Loss 0.0121 | Time 361.08
24-11-2022 03:55:32 cino-textgcn Logger:INFO:Epoch 11 | Step 3392/8488 | Loss 0.0127 | Time 480.26
24-11-2022 03:57:32 cino-textgcn Logger:INFO:Epoch 11 | Step 4240/8488 | Loss 0.0129 | Time 600.97
24-11-2022 03:59:33 cino-textgcn Logger:INFO:Epoch 11 | Step 5088/8488 | Loss 0.0132 | Time 721.08
24-11-2022 04:01:32 cino-textgcn Logger:INFO:Epoch 11 | Step 5936/8488 | Loss 0.0131 | Time 840.17
24-11-2022 04:03:31 cino-textgcn Logger:INFO:Epoch 11 | Step 6784/8488 | Loss 0.0128 | Time 959.83
24-11-2022 04:05:32 cino-textgcn Logger:INFO:Epoch 11 | Step 7632/8488 | Loss 0.0128 | Time 1080.21
24-11-2022 04:07:32 cino-textgcn Logger:INFO:Epoch 11 | Step 8480/8488 | Loss 0.0125 | Time 1200.42
24-11-2022 04:08:13 cino-textgcn Logger:INFO:Current dev weighted f1 is 0.7935, best f1 is 0.8022
24-11-2022 04:08:13 cino-textgcn Logger:INFO:Time costed : 1241.469s 

24-11-2022 04:28:57 cino-textgcn Logger:INFO:Current dev weighted f1 is 0.8025, best f1 is 0.8025
24-11-2022 04:28:57 cino-textgcn Logger:INFO:Time costed : 1244.214s 

24-11-2022 04:49:38 cino-textgcn Logger:INFO:Current dev weighted f1 is 0.7938, best f1 is 0.8025
24-11-2022 04:49:38 cino-textgcn Logger:INFO:Time costed : 1241.221s 

24-11-2022 05:10:19 cino-textgcn Logger:INFO:Current dev weighted f1 is 0.7989, best f1 is 0.8025
24-11-2022 05:10:19 cino-textgcn Logger:INFO:Time costed : 1240.396s 

24-11-2022 05:31:01 cino-textgcn Logger:INFO:Current dev weighted f1 is 0.7975, best f1 is 0.8025
24-11-2022 05:31:01 cino-textgcn Logger:INFO:Time costed : 1242.677s 

24-11-2022 05:33:01 cino-textgcn Logger:INFO:Epoch 16 | Step 848/8488 | Loss 0.0043 | Time 119.32
24-11-2022 05:35:00 cino-textgcn Logger:INFO:Epoch 16 | Step 1696/8488 | Loss 0.0041 | Time 238.81
24-11-2022 05:37:01 cino-textgcn Logger:INFO:Epoch 16 | Step 2544/8488 | Loss 0.0045 | Time 359.29
24-11-2022 05:39:02 cino-textgcn Logger:INFO:Epoch 16 | Step 3392/8488 | Loss 0.0045 | Time 480.70
24-11-2022 05:41:02 cino-textgcn Logger:INFO:Epoch 16 | Step 4240/8488 | Loss 0.0048 | Time 600.27
24-11-2022 05:43:02 cino-textgcn Logger:INFO:Epoch 16 | Step 5088/8488 | Loss 0.0049 | Time 720.21
24-11-2022 05:45:01 cino-textgcn Logger:INFO:Epoch 16 | Step 5936/8488 | Loss 0.0048 | Time 839.92
24-11-2022 05:47:02 cino-textgcn Logger:INFO:Epoch 16 | Step 6784/8488 | Loss 0.0047 | Time 960.04
24-11-2022 05:49:02 cino-textgcn Logger:INFO:Epoch 16 | Step 7632/8488 | Loss 0.0047 | Time 1080.58
24-11-2022 05:51:02 cino-textgcn Logger:INFO:Epoch 16 | Step 8480/8488 | Loss 0.0047 | Time 1200.88
24-11-2022 05:51:48 cino-textgcn Logger:INFO:Current dev weighted f1 is 0.8025, best f1 is 0.8025
24-11-2022 05:51:48 cino-textgcn Logger:INFO:Time costed : 1247.029s 

24-11-2022 06:12:34 cino-textgcn Logger:INFO:Current dev weighted f1 is 0.8012, best f1 is 0.8025
24-11-2022 06:12:34 cino-textgcn Logger:INFO:Time costed : 1245.062s 

24-11-2022 06:33:18 cino-textgcn Logger:INFO:Current dev weighted f1 is 0.8032, best f1 is 0.8032
24-11-2022 06:33:18 cino-textgcn Logger:INFO:Time costed : 1244.339s 

24-11-2022 06:53:56 cino-textgcn Logger:INFO:Current dev weighted f1 is 0.8028, best f1 is 0.8032
24-11-2022 06:53:56 cino-textgcn Logger:INFO:Time costed : 1237.735s 

24-11-2022 07:14:37 cino-textgcn Logger:INFO:Current dev weighted f1 is 0.8037, best f1 is 0.8037
24-11-2022 07:14:37 cino-textgcn Logger:INFO:Time costed : 1240.992s 

24-11-2022 07:16:35 cino-textgcn Logger:INFO:Epoch 21 | Step 848/8488 | Loss 0.0028 | Time 118.82
24-11-2022 07:18:35 cino-textgcn Logger:INFO:Epoch 21 | Step 1696/8488 | Loss 0.0025 | Time 238.84
24-11-2022 07:20:36 cino-textgcn Logger:INFO:Epoch 21 | Step 2544/8488 | Loss 0.0027 | Time 359.22
24-11-2022 07:22:36 cino-textgcn Logger:INFO:Epoch 21 | Step 3392/8488 | Loss 0.0030 | Time 479.43
24-11-2022 07:24:35 cino-textgcn Logger:INFO:Epoch 21 | Step 4240/8488 | Loss 0.0031 | Time 598.50
24-11-2022 07:26:35 cino-textgcn Logger:INFO:Epoch 21 | Step 5088/8488 | Loss 0.0031 | Time 718.05
24-11-2022 07:28:34 cino-textgcn Logger:INFO:Epoch 21 | Step 5936/8488 | Loss 0.0031 | Time 837.45
24-11-2022 07:30:35 cino-textgcn Logger:INFO:Epoch 21 | Step 6784/8488 | Loss 0.0031 | Time 958.33
24-11-2022 07:32:35 cino-textgcn Logger:INFO:Epoch 21 | Step 7632/8488 | Loss 0.0030 | Time 1078.13
24-11-2022 07:34:35 cino-textgcn Logger:INFO:Epoch 21 | Step 8480/8488 | Loss 0.0029 | Time 1198.85
24-11-2022 07:35:22 cino-textgcn Logger:INFO:Current dev weighted f1 is 0.8037, best f1 is 0.8037
24-11-2022 07:35:22 cino-textgcn Logger:INFO:Time costed : 1245.322s 

24-11-2022 07:36:04 cino-textgcn Logger:INFO:
CINO classification_report
              precision    recall  f1-score   support

   aid_tibet   0.787402  0.781250  0.784314       128
        arts   0.744548  0.768489  0.756329       311
     ecology   0.786026  0.786026  0.786026       229
   economics   0.859677  0.839370  0.849402       635
   education   0.749543  0.779468  0.764212       526
    folkways   0.757143  0.726027  0.741259       146
         law   0.879795  0.841076  0.860000       409
  literature   0.880841  0.864679  0.872685       436
    medicine   0.870897  0.876652  0.873765       454
    politics   0.893574  0.913758  0.903553       487
    religion   0.728155  0.757576  0.742574        99
     tourism   0.841146  0.838961  0.840052       385

    accuracy                       0.831567      4245
   macro avg   0.814896  0.814444  0.814514      4245
weighted avg   0.832370  0.831567  0.831818      4245

24-11-2022 07:36:04 cino-textgcn Logger:INFO:cino_test_tensor_path = test_tensor/CINO_test_tensor_2022-11-24_00h10m09s.pt, cino_test_true_path = test_tensor/CINO_test_true_2022-11-24_00h10m09s.p
24-11-2022 07:36:04 cino-textgcn Logger:INFO:#=======CINONet end==========# cino_end_time : 1669246564.23913
24-11-2022 07:36:04 cino-textgcn Logger:INFO:CINO Time=26344.251293182373
24-11-2022 07:36:04 cino-textgcn Logger:INFO:>=======eval start==========< eval_start_time : 1669246564.239808
24-11-2022 07:36:04 cino-textgcn Logger:INFO:lambda_param=0.7,dataset_name=tnews_syallable
24-11-2022 07:36:04 cino-textgcn Logger:INFO:
evaluate classification_report
              precision    recall  f1-score   support

   aid_tibet   0.829060  0.757812  0.791837       128
        arts   0.813725  0.800643  0.807131       311
     ecology   0.810345  0.820961  0.815618       229
   economics   0.863850  0.869291  0.866562       635
   education   0.778195  0.787072  0.782609       526
    folkways   0.814815  0.753425  0.782918       146
         law   0.893401  0.860636  0.876712       409
  literature   0.891403  0.903670  0.897494       436
    medicine   0.879050  0.896476  0.887677       454
    politics   0.901186  0.936345  0.918429       487
    religion   0.769231  0.808081  0.788177        99
     tourism   0.872000  0.849351  0.860526       385

    accuracy                       0.854181      4245
   macro avg   0.843022  0.836980  0.839641      4245
weighted avg   0.854061  0.854181  0.853915      4245

24-11-2022 07:36:04 cino-textgcn Logger:INFO:>=======eval end==========< eval_end_time : 1669246564.7724652
24-11-2022 07:36:04 cino-textgcn Logger:INFO:evaluate Time=0.5326571464538574
24-11-2022 07:36:04 cino-textgcn Logger:INFO:>>=====total_start_time=1669219810.1967676; total_end_time=1669246564.7726443; total_time=26754.5758767128 ========<<
